[0128/230626.435:ERROR:process_memory_win.cc(73)] ReadMemory at 0x7ff717f70000 of 64 bytes failed: Seule une partie d’une requête ReadProcessMemory ou WriteProcessMemory a été effectuée. (0x12B)
[0128/230627.016:WARNING:pe_image_reader.cc(340)] could not read dos header from C:\Program Files (x86)\Google\Chrome\Application\chrome.exe
[0128/230627.016:ERROR:process_memory_win.cc(73)] ReadMemory at 0x7ff8fdb10000 of 64 bytes failed: Seule une partie d’une requête ReadProcessMemory ou WriteProcessMemory a été effectuée. (0x12B)
[0128/230627.016:WARNING:pe_image_reader.cc(340)] could not read dos header from C:\WINDOWS\SYSTEM32\ntdll.dll
[0128/230627.017:ERROR:process_memory_win.cc(73)] ReadMemory at 0x7ff8fb2c0000 of 64 bytes failed: Seule une partie d’une requête ReadProcessMemory ou WriteProcessMemory a été effectuée. (0x12B)
[0128/230627.017:WARNING:pe_image_reader.cc(340)] could not read dos header from C:\WINDOWS\System32\KERNEL32.DLL
[0128/230627.017:ERROR:process_memory_win.cc(73)] ReadMemory at 0x7ff8fa160000 of 64 bytes failed: Seule une partie d’une requête ReadProcessMemory ou WriteProcessMemory a été effectuée. (0x12B)
[0128/230627.017:WARNING:pe_image_reader.cc(340)] could not read dos header from C:\WINDOWS\System32\KERNELBASE.dll
[0128/230627.017:ERROR:process_memory_win.cc(73)] ReadMemory at 0x7ff8d77c0000 of 64 bytes failed: Seule une partie d’une requête ReadProcessMemory ou WriteProcessMemory a été effectuée. (0x12B)
[0128/230627.018:WARNING:pe_image_reader.cc(340)] could not read dos header from C:\Program Files (x86)\Google\Chrome\Application\79.0.3945.130\chrome_elf.dll
[0128/230627.018:ERROR:process_memory_win.cc(73)] ReadMemory at 0x7ff8eb420000 of 64 bytes failed: Seule une partie d’une requête ReadProcessMemory ou WriteProcessMemory a été effectuée. (0x12B)
[0128/230627.018:WARNING:pe_image_reader.cc(340)] could not read dos header from C:\WINDOWS\SYSTEM32\VERSION.dll
[0128/230627.018:ERROR:process_memory_win.cc(73)] ReadMemory at 0x7ff8fda40000 of 64 bytes failed: Seule une partie d’une requête ReadProcessMemory ou WriteProcessMemory a été effectuée. (0x12B)
[0128/230627.018:WARNING:pe_image_reader.cc(340)] could not read dos header from C:\WINDOWS\System32\msvcrt.dll
[0128/230627.018:ERROR:process_memory_win.cc(73)] ReadMemory at 0x7ff8fad00000 of 64 bytes failed: Seule une partie d’une requête ReadProcessMemory ou WriteProcessMemory a été effectuée. (0x12B)
[0128/230627.018:WARNING:pe_image_reader.cc(340)] could not read dos header from C:\WINDOWS\System32\bcryptPrimitives.dll
[0128/230627.018:ERROR:process_memory_win.cc(73)] ReadMemory at 0x7ff8fc040000 of 64 bytes failed: Seule une partie d’une requête ReadProcessMemory ou WriteProcessMemory a été effectuée. (0x12B)
[0128/230627.018:WARNING:pe_image_reader.cc(340)] could not read dos header from C:\WINDOWS\System32\ADVAPI32.dll
[0128/230627.018:ERROR:process_memory_win.cc(73)] ReadMemory at 0x7ff8fd9c0000 of 64 bytes failed: Seule une partie d’une requête ReadProcessMemory ou WriteProcessMemory a été effectuée. (0x12B)
[0128/230627.018:WARNING:pe_image_reader.cc(340)] could not read dos header from C:\WINDOWS\System32\sechost.dll
[0128/230627.018:ERROR:process_memory_win.cc(73)] ReadMemory at 0x7ff8fb7b0000 of 64 bytes failed: Seule une partie d’une requête ReadProcessMemory ou WriteProcessMemory a été effectuée. (0x12B)
[0128/230627.018:WARNING:pe_image_reader.cc(340)] could not read dos header from C:\WINDOWS\System32\RPCRT4.dll
[0128/230627.019:ERROR:process_memory_win.cc(73)] ReadMemory at 0x7ff8b2fd0000 of 64 bytes failed: Seule une partie d’une requête ReadProcessMemory ou WriteProcessMemory a été effectuée. (0x12B)
[0128/230627.019:WARNING:pe_image_reader.cc(340)] could not read dos header from C:\Program Files (x86)\Google\Chrome\Application\79.0.3945.130\chrome_child.dll
[0128/230627.019:ERROR:process_memory_win.cc(73)] ReadMemory at 0x7ff8fba40000 of 64 bytes failed: Seule une partie d’une requête ReadProcessMemory ou WriteProcessMemory a été effectuée. (0x12B)
[0128/230627.019:WARNING:pe_image_reader.cc(340)] could not read dos header from C:\WINDOWS\System32\OLEAUT32.dll
[0128/230627.019:ERROR:process_memory_win.cc(73)] ReadMemory at 0x7ff8fa070000 of 64 bytes failed: Seule une partie d’une requête ReadProcessMemory ou WriteProcessMemory a été effectuée. (0x12B)
[0128/230627.019:WARNING:pe_image_reader.cc(340)] could not read dos header from C:\WINDOWS\System32\msvcp_win.dll
[0128/230627.019:ERROR:process_memory_win.cc(73)] ReadMemory at 0x7ff8fad80000 of 64 bytes failed: Seule une partie d’une requête ReadProcessMemory ou WriteProcessMemory a été effectuée. (0x12B)
[0128/230627.019:WARNING:pe_image_reader.cc(340)] could not read dos header from C:\WINDOWS\System32\ucrtbase.dll
[0128/230627.019:ERROR:process_memory_win.cc(73)] ReadMemory at 0x7ff8faf90000 of 64 bytes failed: Seule une partie d’une requête ReadProcessMemory ou WriteProcessMemory a été effectuée. (0x12B)
[0128/230627.019:WARNING:pe_image_reader.cc(340)] could not read dos header from C:\WINDOWS\System32\combase.dll
[0128/230627.019:ERROR:process_memory_win.cc(73)] ReadMemory at 0x7ff8fb540000 of 64 bytes failed: Seule une partie d’une requête ReadProcessMemory ou WriteProcessMemory a été effectuée. (0x12B)
[0128/230627.020:WARNING:pe_image_reader.cc(340)] could not read dos header from C:\WINDOWS\System32\WS2_32.dll
[0128/230627.020:ERROR:process_memory_win.cc(73)] ReadMemory at 0x7ff8faf30000 of 64 bytes failed: Seule une partie d’une requête ReadProcessMemory ou WriteProcessMemory a été effectuée. (0x12B)
[0128/230627.020:WARNING:pe_image_reader.cc(340)] could not read dos header from C:\WINDOWS\System32\WINTRUST.dll
[0128/230627.020:ERROR:process_memory_win.cc(73)] ReadMemory at 0x7ff8f9e10000 of 64 bytes failed: Seule une partie d’une requête ReadProcessMemory ou WriteProcessMemory a été effectuée. (0x12B)
[0128/230627.020:WARNING:pe_image_reader.cc(340)] could not read dos header from C:\WINDOWS\System32\MSASN1.dll
[0128/230627.020:ERROR:process_memory_win.cc(73)] ReadMemory at 0x7ff8fa3e0000 of 64 bytes failed: Seule une partie d’une requête ReadProcessMemory ou WriteProcessMemory a été effectuée. (0x12B)
[0128/230627.020:WARNING:pe_image_reader.cc(340)] could not read dos header from C:\WINDOWS\System32\CRYPT32.dll
[0128/230627.020:ERROR:process_memory_win.cc(73)] ReadMemory at 0x7ff8f9380000 of 64 bytes failed: Seule une partie d’une requête ReadProcessMemory ou WriteProcessMemory a été effectuée. (0x12B)
[0128/230627.020:WARNING:pe_image_reader.cc(340)] could not read dos header from C:\WINDOWS\SYSTEM32\IPHLPAPI.DLL
[0128/230627.020:ERROR:process_memory_win.cc(73)] ReadMemory at 0x7ff8f7b40000 of 64 bytes failed: Seule une partie d’une requête ReadProcessMemory ou WriteProcessMemory a été effectuée. (0x12B)
[0128/230627.020:WARNING:pe_image_reader.cc(340)] could not read dos header from C:\WINDOWS\SYSTEM32\WINMM.dll
[0128/230627.020:ERROR:process_memory_win.cc(73)] ReadMemory at 0x7ff8f9d40000 of 64 bytes failed: Seule une partie d’une requête ReadProcessMemory ou WriteProcessMemory a été effectuée. (0x12B)
[0128/230627.020:WARNING:pe_image_reader.cc(340)] could not read dos header from C:\WINDOWS\SYSTEM32\USERENV.dll
[0128/230627.021:ERROR:process_memory_win.cc(73)] ReadMemory at 0x7ff8f9eb0000 of 64 bytes failed: Seule une partie d’une requête ReadProcessMemory ou WriteProcessMemory a été effectuée. (0x12B)
[0128/230627.021:WARNING:pe_image_reader.cc(340)] could not read dos header from C:\WINDOWS\System32\profapi.dll
[0128/230627.021:ERROR:process_memory_win.cc(73)] ReadMemory at 0x7ff8e0b10000 of 64 bytes failed: Seule une partie d’une requête ReadProcessMemory ou WriteProcessMemory a été effectuée. (0x12B)
[0128/230627.021:WARNING:pe_image_reader.cc(340)] could not read dos header from C:\WINDOWS\SYSTEM32\DWrite.dll
[0128/230627.021:ERROR:process_memory_win.cc(73)] ReadMemory at 0x7ff8eaf30000 of 64 bytes failed: Seule une partie d’une requête ReadProcessMemory ou WriteProcessMemory a été effectuée. (0x12B)
[0128/230627.021:WARNING:pe_image_reader.cc(340)] could not read dos header from C:\WINDOWS\SYSTEM32\WINSPOOL.DRV
[0128/230627.021:ERROR:process_memory_win.cc(73)] ReadMemory at 0x7ff8f9e90000 of 64 bytes failed: Seule une partie d’une requête ReadProcessMemory ou WriteProcessMemory a été effectuée. (0x12B)
[0128/230627.021:WARNING:pe_image_reader.cc(340)] could not read dos header from C:\WINDOWS\System32\kernel.appcore.dll
[0128/230627.021:ERROR:process_memory_win.cc(73)] ReadMemory at 0x7ff8eb480000 of 64 bytes failed: Seule une partie d’une requête ReadProcessMemory ou WriteProcessMemory a été effectuée. (0x12B)
[0128/230627.021:WARNING:pe_image_reader.cc(340)] could not read dos header from C:\WINDOWS\SYSTEM32\dbghelp.dll
[0128/230627.021:ERROR:process_memory_win.cc(73)] ReadMemory at 0x7ff8eb410000 of 64 bytes failed: Seule une partie d’une requête ReadProcessMemory ou WriteProcessMemory a été effectuée. (0x12B)
[0128/230627.022:WARNING:pe_image_reader.cc(340)] could not read dos header from C:\WINDOWS\SYSTEM32\Secur32.dll
[0128/230627.022:ERROR:process_memory_win.cc(73)] ReadMemory at 0x7ff8f1970000 of 64 bytes failed: Seule une partie d’une requête ReadProcessMemory ou WriteProcessMemory a été effectuée. (0x12B)
[0128/230627.022:WARNING:pe_image_reader.cc(340)] could not read dos header from C:\WINDOWS\SYSTEM32\WINHTTP.dll
[0128/230627.022:ERROR:process_memory_win.cc(73)] ReadMemory at 0x7ff8f0670000 of 64 bytes failed: Seule une partie d’une requête ReadProcessMemory ou WriteProcessMemory a été effectuée. (0x12B)
[0128/230627.022:WARNING:pe_image_reader.cc(340)] could not read dos header from C:\WINDOWS\SYSTEM32\dhcpcsvc.DLL
[0128/230627.022:ERROR:process_memory_win.cc(73)] ReadMemory at 0x7ff8fc030000 of 64 bytes failed: Seule une partie d’une requête ReadProcessMemory ou WriteProcessMemory a été effectuée. (0x12B)
[0128/230627.022:WARNING:pe_image_reader.cc(340)] could not read dos header from C:\WINDOWS\System32\NSI.dll
[0128/230627.022:ERROR:process_memory_win.cc(73)] ReadMemory at 0x7ff8f7b10000 of 64 bytes failed: Seule une partie d’une requête ReadProcessMemory ou WriteProcessMemory a été effectuée. (0x12B)
[0128/230627.022:WARNING:pe_image_reader.cc(340)] could not read dos header from C:\WINDOWS\SYSTEM32\WINMMBASE.dll
[0128/230627.022:ERROR:process_memory_win.cc(73)] ReadMemory at 0x7ff8fa110000 of 64 bytes failed: Seule une partie d’une requête ReadProcessMemory ou WriteProcessMemory a été effectuée. (0x12B)
[0128/230627.022:WARNING:pe_image_reader.cc(340)] could not read dos header from C:\WINDOWS\System32\cfgmgr32.dll
[0128/230627.022:ERROR:process_memory_win.cc(73)] ReadMemory at 0x7ff8f68c0000 of 64 bytes failed: Seule une partie d’une requête ReadProcessMemory ou WriteProcessMemory a été effectuée. (0x12B)
[0128/230627.023:WARNING:pe_image_reader.cc(340)] could not read dos header from C:\WINDOWS\SYSTEM32\PROPSYS.dll
[0128/230627.023:ERROR:process_memory_win.cc(73)] ReadMemory at 0x7ff8fbb10000 of 64 bytes failed: Seule une partie d’une requête ReadProcessMemory ou WriteProcessMemory a été effectuée. (0x12B)
[0128/230627.023:WARNING:pe_image_reader.cc(340)] could not read dos header from C:\WINDOWS\System32\shcore.dll
[0128/230627.023:ERROR:process_memory_win.cc(73)] ReadMemory at 0x7ff8f9970000 of 64 bytes failed: Seule une partie d’une requête ReadProcessMemory ou WriteProcessMemory a été effectuée. (0x12B)
[0128/230627.023:WARNING:pe_image_reader.cc(340)] could not read dos header from C:\WINDOWS\SYSTEM32\bcrypt.dll
[0128/230627.023:ERROR:process_memory_win.cc(73)] ReadMemory at 0x7ff8f9d10000 of 64 bytes failed: Seule une partie d’une requête ReadProcessMemory ou WriteProcessMemory a été effectuée. (0x12B)
[0128/230627.023:WARNING:pe_image_reader.cc(340)] could not read dos header from C:\WINDOWS\SYSTEM32\SSPICLI.DLL
[0128/230627.023:ERROR:process_memory_win.cc(73)] ReadMemory at 0x7ff8f9860000 of 64 bytes failed: Seule une partie d’une requête ReadProcessMemory ou WriteProcessMemory a été effectuée. (0x12B)
[0128/230627.023:WARNING:pe_image_reader.cc(340)] could not read dos header from C:\WINDOWS\SYSTEM32\CRYPTBASE.DLL
[0128/230627.023:ERROR:process_memory_win.cc(73)] ReadMemory at 0x7ff717f70000 of 64 bytes failed: Seule une partie d’une requête ReadProcessMemory ou WriteProcessMemory a été effectuée. (0x12B)
[0128/230627.023:WARNING:pe_image_reader.cc(340)] could not read dos header from C:\Program Files (x86)\Google\Chrome\Application\chrome.exe
[0128/230627.024:ERROR:process_memory_win.cc(73)] ReadMemory at 0x7ff8fdb10000 of 64 bytes failed: Seule une partie d’une requête ReadProcessMemory ou WriteProcessMemory a été effectuée. (0x12B)
[0128/230627.024:WARNING:pe_image_reader.cc(340)] could not read dos header from C:\WINDOWS\SYSTEM32\ntdll.dll
[0128/230627.024:ERROR:process_memory_win.cc(73)] ReadMemory at 0x7ff8fb2c0000 of 64 bytes failed: Seule une partie d’une requête ReadProcessMemory ou WriteProcessMemory a été effectuée. (0x12B)
[0128/230627.024:WARNING:pe_image_reader.cc(340)] could not read dos header from C:\WINDOWS\System32\KERNEL32.DLL
[0128/230627.024:ERROR:process_memory_win.cc(73)] ReadMemory at 0x7ff8fa160000 of 64 bytes failed: Seule une partie d’une requête ReadProcessMemory ou WriteProcessMemory a été effectuée. (0x12B)
[0128/230627.024:WARNING:pe_image_reader.cc(340)] could not read dos header from C:\WINDOWS\System32\KERNELBASE.dll
[0128/230627.024:ERROR:process_memory_win.cc(73)] ReadMemory at 0x7ff8d77c0000 of 64 bytes failed: Seule une partie d’une requête ReadProcessMemory ou WriteProcessMemory a été effectuée. (0x12B)
[0128/230627.024:WARNING:pe_image_reader.cc(340)] could not read dos header from C:\Program Files (x86)\Google\Chrome\Application\79.0.3945.130\chrome_elf.dll
[0128/230627.024:ERROR:process_memory_win.cc(73)] ReadMemory at 0x7ff8eb420000 of 64 bytes failed: Seule une partie d’une requête ReadProcessMemory ou WriteProcessMemory a été effectuée. (0x12B)
[0128/230627.024:WARNING:pe_image_reader.cc(340)] could not read dos header from C:\WINDOWS\SYSTEM32\VERSION.dll
[0128/230627.024:ERROR:process_memory_win.cc(73)] ReadMemory at 0x7ff8fda40000 of 64 bytes failed: Seule une partie d’une requête ReadProcessMemory ou WriteProcessMemory a été effectuée. (0x12B)
[0128/230627.024:WARNING:pe_image_reader.cc(340)] could not read dos header from C:\WINDOWS\System32\msvcrt.dll
[0128/230627.025:ERROR:process_memory_win.cc(73)] ReadMemory at 0x7ff8fad00000 of 64 bytes failed: Seule une partie d’une requête ReadProcessMemory ou WriteProcessMemory a été effectuée. (0x12B)
[0128/230627.025:WARNING:pe_image_reader.cc(340)] could not read dos header from C:\WINDOWS\System32\bcryptPrimitives.dll
[0128/230627.025:ERROR:process_memory_win.cc(73)] ReadMemory at 0x7ff8fc040000 of 64 bytes failed: Seule une partie d’une requête ReadProcessMemory ou WriteProcessMemory a été effectuée. (0x12B)
[0128/230627.025:WARNING:pe_image_reader.cc(340)] could not read dos header from C:\WINDOWS\System32\ADVAPI32.dll
[0128/230627.025:ERROR:process_memory_win.cc(73)] ReadMemory at 0x7ff8fd9c0000 of 64 bytes failed: Seule une partie d’une requête ReadProcessMemory ou WriteProcessMemory a été effectuée. (0x12B)
[0128/230627.025:WARNING:pe_image_reader.cc(340)] could not read dos header from C:\WINDOWS\System32\sechost.dll
[0128/230627.025:ERROR:process_memory_win.cc(73)] ReadMemory at 0x7ff8fb7b0000 of 64 bytes failed: Seule une partie d’une requête ReadProcessMemory ou WriteProcessMemory a été effectuée. (0x12B)
[0128/230627.025:WARNING:pe_image_reader.cc(340)] could not read dos header from C:\WINDOWS\System32\RPCRT4.dll
[0128/230627.025:ERROR:process_memory_win.cc(73)] ReadMemory at 0x7ff8b2fd0000 of 64 bytes failed: Seule une partie d’une requête ReadProcessMemory ou WriteProcessMemory a été effectuée. (0x12B)
[0128/230627.025:WARNING:pe_image_reader.cc(340)] could not read dos header from C:\Program Files (x86)\Google\Chrome\Application\79.0.3945.130\chrome_child.dll
[0128/230627.025:ERROR:process_memory_win.cc(73)] ReadMemory at 0x7ff8fba40000 of 64 bytes failed: Seule une partie d’une requête ReadProcessMemory ou WriteProcessMemory a été effectuée. (0x12B)
[0128/230627.026:WARNING:pe_image_reader.cc(340)] could not read dos header from C:\WINDOWS\System32\OLEAUT32.dll
[0128/230627.026:ERROR:process_memory_win.cc(73)] ReadMemory at 0x7ff8fa070000 of 64 bytes failed: Seule une partie d’une requête ReadProcessMemory ou WriteProcessMemory a été effectuée. (0x12B)
[0128/230627.026:WARNING:pe_image_reader.cc(340)] could not read dos header from C:\WINDOWS\System32\msvcp_win.dll
[0128/230627.026:ERROR:process_memory_win.cc(73)] ReadMemory at 0x7ff8fad80000 of 64 bytes failed: Seule une partie d’une requête ReadProcessMemory ou WriteProcessMemory a été effectuée. (0x12B)
[0128/230627.026:WARNING:pe_image_reader.cc(340)] could not read dos header from C:\WINDOWS\System32\ucrtbase.dll
[0128/230627.026:ERROR:process_memory_win.cc(73)] ReadMemory at 0x7ff8faf90000 of 64 bytes failed: Seule une partie d’une requête ReadProcessMemory ou WriteProcessMemory a été effectuée. (0x12B)
[0128/230627.026:WARNING:pe_image_reader.cc(340)] could not read dos header from C:\WINDOWS\System32\combase.dll
[0128/230627.026:ERROR:process_memory_win.cc(73)] ReadMemory at 0x7ff8fb540000 of 64 bytes failed: Seule une partie d’une requête ReadProcessMemory ou WriteProcessMemory a été effectuée. (0x12B)
[0128/230627.026:WARNING:pe_image_reader.cc(340)] could not read dos header from C:\WINDOWS\System32\WS2_32.dll
[0128/230627.026:ERROR:process_memory_win.cc(73)] ReadMemory at 0x7ff8faf30000 of 64 bytes failed: Seule une partie d’une requête ReadProcessMemory ou WriteProcessMemory a été effectuée. (0x12B)
[0128/230627.026:WARNING:pe_image_reader.cc(340)] could not read dos header from C:\WINDOWS\System32\WINTRUST.dll
[0128/230627.027:ERROR:process_memory_win.cc(73)] ReadMemory at 0x7ff8f9e10000 of 64 bytes failed: Seule une partie d’une requête ReadProcessMemory ou WriteProcessMemory a été effectuée. (0x12B)
[0128/230627.027:WARNING:pe_image_reader.cc(340)] could not read dos header from C:\WINDOWS\System32\MSASN1.dll
[0128/230627.027:ERROR:process_memory_win.cc(73)] ReadMemory at 0x7ff8fa3e0000 of 64 bytes failed: Seule une partie d’une requête ReadProcessMemory ou WriteProcessMemory a été effectuée. (0x12B)
[0128/230627.027:WARNING:pe_image_reader.cc(340)] could not read dos header from C:\WINDOWS\System32\CRYPT32.dll
[0128/230627.027:ERROR:process_memory_win.cc(73)] ReadMemory at 0x7ff8f9380000 of 64 bytes failed: Seule une partie d’une requête ReadProcessMemory ou WriteProcessMemory a été effectuée. (0x12B)
[0128/230627.027:WARNING:pe_image_reader.cc(340)] could not read dos header from C:\WINDOWS\SYSTEM32\IPHLPAPI.DLL
[0128/230627.027:ERROR:process_memory_win.cc(73)] ReadMemory at 0x7ff8f7b40000 of 64 bytes failed: Seule une partie d’une requête ReadProcessMemory ou WriteProcessMemory a été effectuée. (0x12B)
[0128/230627.027:WARNING:pe_image_reader.cc(340)] could not read dos header from C:\WINDOWS\SYSTEM32\WINMM.dll
[0128/230627.027:ERROR:process_memory_win.cc(73)] ReadMemory at 0x7ff8f9d40000 of 64 bytes failed: Seule une partie d’une requête ReadProcessMemory ou WriteProcessMemory a été effectuée. (0x12B)
[0128/230627.027:WARNING:pe_image_reader.cc(340)] could not read dos header from C:\WINDOWS\SYSTEM32\USERENV.dll
[0128/230627.027:ERROR:process_memory_win.cc(73)] ReadMemory at 0x7ff8f9eb0000 of 64 bytes failed: Seule une partie d’une requête ReadProcessMemory ou WriteProcessMemory a été effectuée. (0x12B)
[0128/230627.027:WARNING:pe_image_reader.cc(340)] could not read dos header from C:\WINDOWS\System32\profapi.dll
[0128/230627.027:ERROR:process_memory_win.cc(73)] ReadMemory at 0x7ff8e0b10000 of 64 bytes failed: Seule une partie d’une requête ReadProcessMemory ou WriteProcessMemory a été effectuée. (0x12B)
[0128/230627.028:WARNING:pe_image_reader.cc(340)] could not read dos header from C:\WINDOWS\SYSTEM32\DWrite.dll
[0128/230627.028:ERROR:process_memory_win.cc(73)] ReadMemory at 0x7ff8eaf30000 of 64 bytes failed: Seule une partie d’une requête ReadProcessMemory ou WriteProcessMemory a été effectuée. (0x12B)
[0128/230627.028:WARNING:pe_image_reader.cc(340)] could not read dos header from C:\WINDOWS\SYSTEM32\WINSPOOL.DRV
[0128/230627.028:ERROR:process_memory_win.cc(73)] ReadMemory at 0x7ff8f9e90000 of 64 bytes failed: Seule une partie d’une requête ReadProcessMemory ou WriteProcessMemory a été effectuée. (0x12B)
[0128/230627.028:WARNING:pe_image_reader.cc(340)] could not read dos header from C:\WINDOWS\System32\kernel.appcore.dll
[0128/230627.028:ERROR:process_memory_win.cc(73)] ReadMemory at 0x7ff8eb480000 of 64 bytes failed: Seule une partie d’une requête ReadProcessMemory ou WriteProcessMemory a été effectuée. (0x12B)
[0128/230627.028:WARNING:pe_image_reader.cc(340)] could not read dos header from C:\WINDOWS\SYSTEM32\dbghelp.dll
[0128/230627.028:ERROR:process_memory_win.cc(73)] ReadMemory at 0x7ff8eb410000 of 64 bytes failed: Seule une partie d’une requête ReadProcessMemory ou WriteProcessMemory a été effectuée. (0x12B)
[0128/230627.028:WARNING:pe_image_reader.cc(340)] could not read dos header from C:\WINDOWS\SYSTEM32\Secur32.dll
[0128/230627.028:ERROR:process_memory_win.cc(73)] ReadMemory at 0x7ff8f1970000 of 64 bytes failed: Seule une partie d’une requête ReadProcessMemory ou WriteProcessMemory a été effectuée. (0x12B)
[0128/230627.028:WARNING:pe_image_reader.cc(340)] could not read dos header from C:\WINDOWS\SYSTEM32\WINHTTP.dll
[0128/230627.028:ERROR:process_memory_win.cc(73)] ReadMemory at 0x7ff8f0670000 of 64 bytes failed: Seule une partie d’une requête ReadProcessMemory ou WriteProcessMemory a été effectuée. (0x12B)
[0128/230627.029:WARNING:pe_image_reader.cc(340)] could not read dos header from C:\WINDOWS\SYSTEM32\dhcpcsvc.DLL
[0128/230627.029:ERROR:process_memory_win.cc(73)] ReadMemory at 0x7ff8fc030000 of 64 bytes failed: Seule une partie d’une requête ReadProcessMemory ou WriteProcessMemory a été effectuée. (0x12B)
[0128/230627.029:WARNING:pe_image_reader.cc(340)] could not read dos header from C:\WINDOWS\System32\NSI.dll
[0128/230627.029:ERROR:process_memory_win.cc(73)] ReadMemory at 0x7ff8f7b10000 of 64 bytes failed: Seule une partie d’une requête ReadProcessMemory ou WriteProcessMemory a été effectuée. (0x12B)
[0128/230627.029:WARNING:pe_image_reader.cc(340)] could not read dos header from C:\WINDOWS\SYSTEM32\WINMMBASE.dll
[0128/230627.029:ERROR:process_memory_win.cc(73)] ReadMemory at 0x7ff8fa110000 of 64 bytes failed: Seule une partie d’une requête ReadProcessMemory ou WriteProcessMemory a été effectuée. (0x12B)
[0128/230627.029:WARNING:pe_image_reader.cc(340)] could not read dos header from C:\WINDOWS\System32\cfgmgr32.dll
[0128/230627.029:ERROR:process_memory_win.cc(73)] ReadMemory at 0x7ff8f68c0000 of 64 bytes failed: Seule une partie d’une requête ReadProcessMemory ou WriteProcessMemory a été effectuée. (0x12B)
[0128/230627.029:WARNING:pe_image_reader.cc(340)] could not read dos header from C:\WINDOWS\SYSTEM32\PROPSYS.dll
[0128/230627.029:ERROR:process_memory_win.cc(73)] ReadMemory at 0x7ff8fbb10000 of 64 bytes failed: Seule une partie d’une requête ReadProcessMemory ou WriteProcessMemory a été effectuée. (0x12B)
[0128/230627.029:WARNING:pe_image_reader.cc(340)] could not read dos header from C:\WINDOWS\System32\shcore.dll
[0128/230627.030:ERROR:process_memory_win.cc(73)] ReadMemory at 0x7ff8f9970000 of 64 bytes failed: Seule une partie d’une requête ReadProcessMemory ou WriteProcessMemory a été effectuée. (0x12B)
[0128/230627.030:WARNING:pe_image_reader.cc(340)] could not read dos header from C:\WINDOWS\SYSTEM32\bcrypt.dll
[0128/230627.030:ERROR:process_memory_win.cc(73)] ReadMemory at 0x7ff8f9d10000 of 64 bytes failed: Seule une partie d’une requête ReadProcessMemory ou WriteProcessMemory a été effectuée. (0x12B)
[0128/230627.030:WARNING:pe_image_reader.cc(340)] could not read dos header from C:\WINDOWS\SYSTEM32\SSPICLI.DLL
[0128/230627.030:ERROR:process_memory_win.cc(73)] ReadMemory at 0x7ff8f9860000 of 64 bytes failed: Seule une partie d’une requête ReadProcessMemory ou WriteProcessMemory a été effectuée. (0x12B)
[0128/230627.030:WARNING:pe_image_reader.cc(340)] could not read dos header from C:\WINDOWS\SYSTEM32\CRYPTBASE.DLL
[0128/230627.333:ERROR:process_memory_win.cc(73)] ReadMemory at 0xa5ba1ec000 of 81920 bytes failed: Seule une partie d’une requête ReadProcessMemory ou WriteProcessMemory a été effectuée. (0x12B)
[0128/230627.333:ERROR:process_memory_win.cc(73)] ReadMemory at 0xa5ba9fe000 of 8192 bytes failed: Seule une partie d’une requête ReadProcessMemory ou WriteProcessMemory a été effectuée. (0x12B)
[0128/230627.333:ERROR:process_memory_win.cc(73)] ReadMemory at 0xa5bb1fd000 of 12288 bytes failed: Seule une partie d’une requête ReadProcessMemory ou WriteProcessMemory a été effectuée. (0x12B)
[0128/230627.334:ERROR:process_memory_win.cc(73)] ReadMemory at 0xa5bb9f4000 of 49152 bytes failed: Seule une partie d’une requête ReadProcessMemory ou WriteProcessMemory a été effectuée. (0x12B)
[0128/230627.334:ERROR:process_memory_win.cc(73)] ReadMemory at 0xa5bc1fd000 of 12288 bytes failed: Seule une partie d’une requête ReadProcessMemory ou WriteProcessMemory a été effectuée. (0x12B)
[0128/230627.334:ERROR:process_memory_win.cc(73)] ReadMemory at 0xa5bc9fc000 of 16384 bytes failed: Seule une partie d’une requête ReadProcessMemory ou WriteProcessMemory a été effectuée. (0x12B)
[0128/230627.342:ERROR:process_memory_win.cc(73)] ReadMemory at 0xa5bd1fe000 of 8192 bytes failed: Seule une partie d’une requête ReadProcessMemory ou WriteProcessMemory a été effectuée. (0x12B)
[0128/230627.342:ERROR:process_memory_win.cc(73)] ReadMemory at 0xa5bd9fd000 of 12288 bytes failed: Seule une partie d’une requête ReadProcessMemory ou WriteProcessMemory a été effectuée. (0x12B)
[0128/230627.342:ERROR:process_memory_win.cc(73)] ReadMemory at 0xa5be1fb000 of 20480 bytes failed: Seule une partie d’une requête ReadProcessMemory ou WriteProcessMemory a été effectuée. (0x12B)
[0128/230627.343:ERROR:process_memory_win.cc(73)] ReadMemory at 0xa5bf1fd000 of 12288 bytes failed: Seule une partie d’une requête ReadProcessMemory ou WriteProcessMemory a été effectuée. (0x12B)
[0128/230627.343:ERROR:process_memory_win.cc(73)] ReadMemory at 0xa5bf9fd000 of 12288 bytes failed: Seule une partie d’une requête ReadProcessMemory ou WriteProcessMemory a été effectuée. (0x12B)
[0128/230627.343:ERROR:process_memory_win.cc(73)] ReadMemory at 0xa5c01fd000 of 12288 bytes failed: Seule une partie d’une requête ReadProcessMemory ou WriteProcessMemory a été effectuée. (0x12B)
[0128/230627.343:ERROR:process_memory_win.cc(73)] ReadMemory at 0xa5c09fc000 of 16384 bytes failed: Seule une partie d’une requête ReadProcessMemory ou WriteProcessMemory a été effectuée. (0x12B)
[0128/230627.343:ERROR:process_memory_win.cc(73)] ReadMemory at 0xa5c11fc000 of 16384 bytes failed: Seule une partie d’une requête ReadProcessMemory ou WriteProcessMemory a été effectuée. (0x12B)
[0128/230627.344:ERROR:process_memory_win.cc(73)] ReadMemory at 0xa5be9fe000 of 8192 bytes failed: Seule une partie d’une requête ReadProcessMemory ou WriteProcessMemory a été effectuée. (0x12B)
[0128/230627.344:ERROR:process_memory_win.cc(73)] ReadMemory at 0xa5b9965000 of 852 bytes failed: Seule une partie d’une requête ReadProcessMemory ou WriteProcessMemory a été effectuée. (0x12B)
[0128/230627.344:ERROR:process_memory_win.cc(73)] ReadMemory at 0xa5b9966000 of 6024 bytes failed: Seule une partie d’une requête ReadProcessMemory ou WriteProcessMemory a été effectuée. (0x12B)
[0128/230627.344:ERROR:process_memory_win.cc(73)] ReadMemory at 0xa5b9968000 of 6024 bytes failed: Seule une partie d’une requête ReadProcessMemory ou WriteProcessMemory a été effectuée. (0x12B)
[0128/230627.344:ERROR:process_memory_win.cc(73)] ReadMemory at 0xa5b996a000 of 6024 bytes failed: Seule une partie d’une requête ReadProcessMemory ou WriteProcessMemory a été effectuée. (0x12B)
[0128/230627.344:ERROR:process_memory_win.cc(73)] ReadMemory at 0xa5b996c000 of 6024 bytes failed: Seule une partie d’une requête ReadProcessMemory ou WriteProcessMemory a été effectuée. (0x12B)
[0128/230627.345:ERROR:process_memory_win.cc(73)] ReadMemory at 0xa5b996e000 of 6024 bytes failed: Seule une partie d’une requête ReadProcessMemory ou WriteProcessMemory a été effectuée. (0x12B)
[0128/230627.345:ERROR:process_memory_win.cc(73)] ReadMemory at 0xa5b9970000 of 6024 bytes failed: Seule une partie d’une requête ReadProcessMemory ou WriteProcessMemory a été effectuée. (0x12B)
[0128/230627.345:ERROR:process_memory_win.cc(73)] ReadMemory at 0xa5b9972000 of 6024 bytes failed: Seule une partie d’une requête ReadProcessMemory ou WriteProcessMemory a été effectuée. (0x12B)
[0128/230627.345:ERROR:process_memory_win.cc(73)] ReadMemory at 0xa5b9974000 of 6024 bytes failed: Seule une partie d’une requête ReadProcessMemory ou WriteProcessMemory a été effectuée. (0x12B)
[0128/230627.345:ERROR:process_memory_win.cc(73)] ReadMemory at 0xa5b9976000 of 6024 bytes failed: Seule une partie d’une requête ReadProcessMemory ou WriteProcessMemory a été effectuée. (0x12B)
[0128/230627.346:ERROR:process_memory_win.cc(73)] ReadMemory at 0xa5b997a000 of 6024 bytes failed: Seule une partie d’une requête ReadProcessMemory ou WriteProcessMemory a été effectuée. (0x12B)
[0128/230627.346:ERROR:process_memory_win.cc(73)] ReadMemory at 0xa5b997c000 of 6024 bytes failed: Seule une partie d’une requête ReadProcessMemory ou WriteProcessMemory a été effectuée. (0x12B)
[0128/230627.346:ERROR:process_memory_win.cc(73)] ReadMemory at 0xa5b997e000 of 6024 bytes failed: Seule une partie d’une requête ReadProcessMemory ou WriteProcessMemory a été effectuée. (0x12B)
[0128/230627.346:ERROR:process_memory_win.cc(73)] ReadMemory at 0xa5b9980000 of 6024 bytes failed: Seule une partie d’une requête ReadProcessMemory ou WriteProcessMemory a été effectuée. (0x12B)
[0128/230627.346:ERROR:process_memory_win.cc(73)] ReadMemory at 0xa5b9982000 of 6024 bytes failed: Seule une partie d’une requête ReadProcessMemory ou WriteProcessMemory a été effectuée. (0x12B)
[0128/230627.346:ERROR:process_memory_win.cc(73)] ReadMemory at 0xa5b9983f80 of 6152 bytes failed: Seule une partie d’une requête ReadProcessMemory ou WriteProcessMemory a été effectuée. (0x12B)
[0128/230627.347:ERROR:process_memory_win.cc(73)] ReadMemory at 0x23602450cd0 of 512 bytes failed: Seule une partie d’une requête ReadProcessMemory ou WriteProcessMemory a été effectuée. (0x12B)
[0128/230627.347:ERROR:process_memory_win.cc(73)] ReadMemory at 0x236024c0000 of 384 bytes failed: Seule une partie d’une requête ReadProcessMemory ou WriteProcessMemory a été effectuée. (0x12B)
[0128/230627.347:ERROR:process_memory_win.cc(73)] ReadMemory at 0x236024c0ab0 of 512 bytes failed: Seule une partie d’une requête ReadProcessMemory ou WriteProcessMemory a été effectuée. (0x12B)
[0128/230627.410:ERROR:process_memory_win.cc(73)] ReadMemory at 0x236024c0fc0 of 18816 bytes failed: Seule une partie d’une requête ReadProcessMemory ou WriteProcessMemory a été effectuée. (0x12B)
[0128/230627.410:ERROR:process_memory_win.cc(73)] ReadMemory at 0x236024c5950 of 1012 bytes failed: Seule une partie d’une requête ReadProcessMemory ou WriteProcessMemory a été effectuée. (0x12B)
[0128/230627.411:ERROR:process_memory_win.cc(73)] ReadMemory at 0x236024c5f68 of 118 bytes failed: Seule une partie d’une requête ReadProcessMemory ou WriteProcessMemory a été effectuée. (0x12B)
[0128/230627.411:ERROR:process_memory_win.cc(73)] ReadMemory at 0x236024c5fe0 of 888 bytes failed: Seule une partie d’une requête ReadProcessMemory ou WriteProcessMemory a été effectuée. (0x12B)
[0128/230627.411:ERROR:process_memory_win.cc(73)] ReadMemory at 0x236024c635a of 118 bytes failed: Seule une partie d’une requête ReadProcessMemory ou WriteProcessMemory a été effectuée. (0x12B)
[0128/230627.411:ERROR:process_memory_win.cc(73)] ReadMemory at 0x236024c63d2 of 100 bytes failed: Seule une partie d’une requête ReadProcessMemory ou WriteProcessMemory a été effectuée. (0x12B)
[0128/230627.411:ERROR:process_memory_win.cc(73)] ReadMemory at 0x236024c6450 of 58 bytes failed: Seule une partie d’une requête ReadProcessMemory ou WriteProcessMemory a été effectuée. (0x12B)
[0128/230627.411:ERROR:process_memory_win.cc(73)] ReadMemory at 0x236024c6550 of 132 bytes failed: Seule une partie d’une requête ReadProcessMemory ou WriteProcessMemory a été effectuée. (0x12B)
[0128/230627.411:ERROR:process_memory_win.cc(73)] ReadMemory at 0x236024c66e0 of 132 bytes failed: Seule une partie d’une requête ReadProcessMemory ou WriteProcessMemory a été effectuée. (0x12B)
[0128/230627.411:ERROR:process_memory_win.cc(73)] ReadMemory at 0x236024c68a0 of 126 bytes failed: Seule une partie d’une requête ReadProcessMemory ou WriteProcessMemory a été effectuée. (0x12B)
[0128/230627.412:ERROR:process_memory_win.cc(73)] ReadMemory at 0x236024c6c80 of 132 bytes failed: Seule une partie d’une requête ReadProcessMemory ou WriteProcessMemory a été effectuée. (0x12B)
[0128/230627.412:ERROR:process_memory_win.cc(73)] ReadMemory at 0x236024c6e10 of 64 bytes failed: Seule une partie d’une requête ReadProcessMemory ou WriteProcessMemory a été effectuée. (0x12B)
[0128/230627.412:ERROR:process_memory_win.cc(73)] ReadMemory at 0x236024c6e60 of 132 bytes failed: Seule une partie d’une requête ReadProcessMemory ou WriteProcessMemory a été effectuée. (0x12B)
[0128/230627.412:ERROR:process_memory_win.cc(73)] ReadMemory at 0x236024c6fd0 of 132 bytes failed: Seule une partie d’une requête ReadProcessMemory ou WriteProcessMemory a été effectuée. (0x12B)
[0128/230627.412:ERROR:process_memory_win.cc(73)] ReadMemory at 0x236024c7260 of 132 bytes failed: Seule une partie d’une requête ReadProcessMemory ou WriteProcessMemory a été effectuée. (0x12B)
[0128/230627.412:ERROR:process_memory_win.cc(73)] ReadMemory at 0x236024c73f0 of 68 bytes failed: Seule une partie d’une requête ReadProcessMemory ou WriteProcessMemory a été effectuée. (0x12B)
[0128/230627.561:ERROR:process_memory_win.cc(73)] ReadMemory at 0x236024c82d0 of 132 bytes failed: Seule une partie d’une requête ReadProcessMemory ou WriteProcessMemory a été effectuée. (0x12B)
[0128/230627.562:ERROR:process_memory_win.cc(73)] ReadMemory at 0x236024c8460 of 154 bytes failed: Seule une partie d’une requête ReadProcessMemory ou WriteProcessMemory a été effectuée. (0x12B)
[0128/230627.562:ERROR:process_memory_win.cc(73)] ReadMemory at 0x236024c8fb0 of 132 bytes failed: Seule une partie d’une requête ReadProcessMemory ou WriteProcessMemory a été effectuée. (0x12B)
[0128/230627.562:ERROR:process_memory_win.cc(73)] ReadMemory at 0x236024c9290 of 62 bytes failed: Seule une partie d’une requête ReadProcessMemory ou WriteProcessMemory a été effectuée. (0x12B)
[0128/230627.562:ERROR:process_memory_win.cc(73)] ReadMemory at 0x236024c93f0 of 132 bytes failed: Seule une partie d’une requête ReadProcessMemory ou WriteProcessMemory a été effectuée. (0x12B)
[0128/230627.563:ERROR:process_memory_win.cc(73)] ReadMemory at 0x236024c9580 of 60 bytes failed: Seule une partie d’une requête ReadProcessMemory ou WriteProcessMemory a été effectuée. (0x12B)
[0128/230627.563:ERROR:process_memory_win.cc(73)] ReadMemory at 0x236024cdf50 of 132 bytes failed: Seule une partie d’une requête ReadProcessMemory ou WriteProcessMemory a été effectuée. (0x12B)
[0128/230627.563:ERROR:process_memory_win.cc(73)] ReadMemory at 0x236024ce080 of 132 bytes failed: Seule une partie d’une requête ReadProcessMemory ou WriteProcessMemory a été effectuée. (0x12B)
[0128/230627.584:ERROR:process_memory_win.cc(73)] ReadMemory at 0x236024ce210 of 80 bytes failed: Seule une partie d’une requête ReadProcessMemory ou WriteProcessMemory a été effectuée. (0x12B)
[0128/230627.584:ERROR:process_memory_win.cc(73)] ReadMemory at 0x236024ce270 of 158 bytes failed: Seule une partie d’une requête ReadProcessMemory ou WriteProcessMemory a été effectuée. (0x12B)
[0128/230627.585:ERROR:process_memory_win.cc(73)] ReadMemory at 0x236024ce400 of 64 bytes failed: Seule une partie d’une requête ReadProcessMemory ou WriteProcessMemory a été effectuée. (0x12B)
[0128/230627.585:ERROR:process_memory_win.cc(73)] ReadMemory at 0x236024ce450 of 60 bytes failed: Seule une partie d’une requête ReadProcessMemory ou WriteProcessMemory a été effectuée. (0x12B)
[0128/230627.585:ERROR:process_memory_win.cc(73)] ReadMemory at 0x236024ce4a0 of 60 bytes failed: Seule une partie d’une requête ReadProcessMemory ou WriteProcessMemory a été effectuée. (0x12B)
[0128/230627.585:ERROR:process_memory_win.cc(73)] ReadMemory at 0x236024ce4f0 of 60 bytes failed: Seule une partie d’une requête ReadProcessMemory ou WriteProcessMemory a été effectuée. (0x12B)
[0128/230627.585:ERROR:process_memory_win.cc(73)] ReadMemory at 0x236024ce540 of 62 bytes failed: Seule une partie d’une requête ReadProcessMemory ou WriteProcessMemory a été effectuée. (0x12B)
[0128/230627.585:ERROR:process_memory_win.cc(73)] ReadMemory at 0x236024ce590 of 62 bytes failed: Seule une partie d’une requête ReadProcessMemory ou WriteProcessMemory a été effectuée. (0x12B)
[0128/230627.585:ERROR:process_memory_win.cc(73)] ReadMemory at 0x236024ce5e0 of 62 bytes failed: Seule une partie d’une requête ReadProcessMemory ou WriteProcessMemory a été effectuée. (0x12B)
[0128/230627.585:ERROR:process_memory_win.cc(73)] ReadMemory at 0x236024ce680 of 58 bytes failed: Seule une partie d’une requête ReadProcessMemory ou WriteProcessMemory a été effectuée. (0x12B)
[0128/230627.586:ERROR:process_memory_win.cc(73)] ReadMemory at 0x236024ce6d0 of 64 bytes failed: Seule une partie d’une requête ReadProcessMemory ou WriteProcessMemory a été effectuée. (0x12B)
[0128/230627.586:ERROR:process_memory_win.cc(73)] ReadMemory at 0x236024ce720 of 62 bytes failed: Seule une partie d’une requête ReadProcessMemory ou WriteProcessMemory a été effectuée. (0x12B)
[0128/230627.586:ERROR:process_memory_win.cc(73)] ReadMemory at 0x236024ce770 of 64 bytes failed: Seule une partie d’une requête ReadProcessMemory ou WriteProcessMemory a été effectuée. (0x12B)
[0128/230627.586:ERROR:process_memory_win.cc(73)] ReadMemory at 0x236024ce7c0 of 62 bytes failed: Seule une partie d’une requête ReadProcessMemory ou WriteProcessMemory a été effectuée. (0x12B)
[0128/230627.586:ERROR:process_memory_win.cc(73)] ReadMemory at 0x236024ce810 of 62 bytes failed: Seule une partie d’une requête ReadProcessMemory ou WriteProcessMemory a été effectuée. (0x12B)
[0128/230627.586:ERROR:process_memory_win.cc(73)] ReadMemory at 0x236024ce8b0 of 62 bytes failed: Seule une partie d’une requête ReadProcessMemory ou WriteProcessMemory a été effectuée. (0x12B)
[0128/230627.586:ERROR:process_memory_win.cc(73)] ReadMemory at 0x236024ce900 of 64 bytes failed: Seule une partie d’une requête ReadProcessMemory ou WriteProcessMemory a été effectuée. (0x12B)
[0128/230627.586:ERROR:process_memory_win.cc(73)] ReadMemory at 0x236024ce9a0 of 60 bytes failed: Seule une partie d’une requête ReadProcessMemory ou WriteProcessMemory a été effectuée. (0x12B)
[0128/230627.587:ERROR:process_memory_win.cc(73)] ReadMemory at 0x236024ce9f0 of 64 bytes failed: Seule une partie d’une requête ReadProcessMemory ou WriteProcessMemory a été effectuée. (0x12B)
[0128/230627.587:ERROR:process_memory_win.cc(73)] ReadMemory at 0x236024cea40 of 64 bytes failed: Seule une partie d’une requête ReadProcessMemory ou WriteProcessMemory a été effectuée. (0x12B)
[0128/230627.661:ERROR:process_memory_win.cc(73)] ReadMemory at 0x236024cea90 of 62 bytes failed: Seule une partie d’une requête ReadProcessMemory ou WriteProcessMemory a été effectuée. (0x12B)
[0128/230627.661:ERROR:process_memory_win.cc(73)] ReadMemory at 0x236024ceae0 of 66 bytes failed: Seule une partie d’une requête ReadProcessMemory ou WriteProcessMemory a été effectuée. (0x12B)
[0128/230627.661:ERROR:process_memory_win.cc(73)] ReadMemory at 0x236024d2c10 of 54 bytes failed: Seule une partie d’une requête ReadProcessMemory ou WriteProcessMemory a été effectuée. (0x12B)
[0128/230627.662:ERROR:process_memory_win.cc(73)] ReadMemory at 0x236024d44e0 of 132 bytes failed: Seule une partie d’une requête ReadProcessMemory ou WriteProcessMemory a été effectuée. (0x12B)
[0128/230627.662:ERROR:process_memory_win.cc(73)] ReadMemory at 0x236024d4d90 of 132 bytes failed: Seule une partie d’une requête ReadProcessMemory ou WriteProcessMemory a été effectuée. (0x12B)
[0128/230627.662:ERROR:process_memory_win.cc(73)] ReadMemory at 0x236024d5330 of 132 bytes failed: Seule une partie d’une requête ReadProcessMemory ou WriteProcessMemory a été effectuée. (0x12B)
[0128/230627.662:ERROR:process_memory_win.cc(73)] ReadMemory at 0x236024d5460 of 132 bytes failed: Seule une partie d’une requête ReadProcessMemory ou WriteProcessMemory a été effectuée. (0x12B)
[0128/230627.662:ERROR:process_memory_win.cc(73)] ReadMemory at 0x236024d6100 of 132 bytes failed: Seule une partie d’une requête ReadProcessMemory ou WriteProcessMemory a été effectuée. (0x12B)
[0128/230627.663:ERROR:process_memory_win.cc(73)] ReadMemory at 0x236024d6230 of 132 bytes failed: Seule une partie d’une requête ReadProcessMemory ou WriteProcessMemory a été effectuée. (0x12B)
[0128/230627.731:ERROR:process_memory_win.cc(73)] ReadMemory at 0x236024d7440 of 132 bytes failed: Seule une partie d’une requête ReadProcessMemory ou WriteProcessMemory a été effectuée. (0x12B)
[0128/230627.731:ERROR:process_memory_win.cc(73)] ReadMemory at 0x236024d7570 of 132 bytes failed: Seule une partie d’une requête ReadProcessMemory ou WriteProcessMemory a été effectuée. (0x12B)
[0128/230627.731:ERROR:process_memory_win.cc(73)] ReadMemory at 0x236024d76a0 of 132 bytes failed: Seule une partie d’une requête ReadProcessMemory ou WriteProcessMemory a été effectuée. (0x12B)
[0128/230627.731:ERROR:process_memory_win.cc(73)] ReadMemory at 0x236024d77d0 of 132 bytes failed: Seule une partie d’une requête ReadProcessMemory ou WriteProcessMemory a été effectuée. (0x12B)
[0128/230627.731:ERROR:process_memory_win.cc(73)] ReadMemory at 0x236024d7900 of 132 bytes failed: Seule une partie d’une requête ReadProcessMemory ou WriteProcessMemory a été effectuée. (0x12B)
[0128/230627.731:ERROR:process_memory_win.cc(73)] ReadMemory at 0x236024d7b60 of 132 bytes failed: Seule une partie d’une requête ReadProcessMemory ou WriteProcessMemory a été effectuée. (0x12B)
[0128/230627.731:ERROR:process_memory_win.cc(73)] ReadMemory at 0x236024d7c90 of 132 bytes failed: Seule une partie d’une requête ReadProcessMemory ou WriteProcessMemory a été effectuée. (0x12B)
[0128/230627.732:ERROR:process_memory_win.cc(73)] ReadMemory at 0x236024d7dc0 of 132 bytes failed: Seule une partie d’une requête ReadProcessMemory ou WriteProcessMemory a été effectuée. (0x12B)
[0128/230627.732:ERROR:process_memory_win.cc(73)] ReadMemory at 0x236024d7ef0 of 132 bytes failed: Seule une partie d’une requête ReadProcessMemory ou WriteProcessMemory a été effectuée. (0x12B)
[0128/230627.732:ERROR:process_memory_win.cc(73)] ReadMemory at 0x236024d8020 of 132 bytes failed: Seule une partie d’une requête ReadProcessMemory ou WriteProcessMemory a été effectuée. (0x12B)
[0128/230627.732:ERROR:process_memory_win.cc(73)] ReadMemory at 0x236024d8150 of 132 bytes failed: Seule une partie d’une requête ReadProcessMemory ou WriteProcessMemory a été effectuée. (0x12B)
[0128/230627.781:ERROR:process_memory_win.cc(73)] ReadMemory at 0x236024d8280 of 132 bytes failed: Seule une partie d’une requête ReadProcessMemory ou WriteProcessMemory a été effectuée. (0x12B)
[0128/230627.781:ERROR:process_memory_win.cc(73)] ReadMemory at 0x236024d86f0 of 76 bytes failed: Seule une partie d’une requête ReadProcessMemory ou WriteProcessMemory a été effectuée. (0x12B)
[0128/230627.782:ERROR:process_memory_win.cc(73)] ReadMemory at 0x236024dc4f0 of 512 bytes failed: Seule une partie d’une requête ReadProcessMemory ou WriteProcessMemory a été effectuée. (0x12B)
[0128/230627.782:ERROR:process_memory_win.cc(73)] ReadMemory at 0x236024dcbc0 of 132 bytes failed: Seule une partie d’une requête ReadProcessMemory ou WriteProcessMemory a été effectuée. (0x12B)
[0128/230627.782:ERROR:process_memory_win.cc(73)] ReadMemory at 0x236024dccf0 of 132 bytes failed: Seule une partie d’une requête ReadProcessMemory ou WriteProcessMemory a été effectuée. (0x12B)
[0128/230627.782:ERROR:process_memory_win.cc(73)] ReadMemory at 0x236024dcf50 of 132 bytes failed: Seule une partie d’une requête ReadProcessMemory ou WriteProcessMemory a été effectuée. (0x12B)
[0128/230627.782:ERROR:process_memory_win.cc(73)] ReadMemory at 0x236024dd080 of 132 bytes failed: Seule une partie d’une requête ReadProcessMemory ou WriteProcessMemory a été effectuée. (0x12B)
[0128/230627.782:ERROR:process_memory_win.cc(73)] ReadMemory at 0x236024dd1b0 of 132 bytes failed: Seule une partie d’une requête ReadProcessMemory ou WriteProcessMemory a été effectuée. (0x12B)
[0128/230627.782:ERROR:process_memory_win.cc(73)] ReadMemory at 0x236024ddff0 of 132 bytes failed: Seule une partie d’une requête ReadProcessMemory ou WriteProcessMemory a été effectuée. (0x12B)
[0128/230627.782:ERROR:process_memory_win.cc(73)] ReadMemory at 0x236024de120 of 132 bytes failed: Seule une partie d’une requête ReadProcessMemory ou WriteProcessMemory a été effectuée. (0x12B)
[0128/230627.782:ERROR:process_memory_win.cc(73)] ReadMemory at 0x236024de380 of 132 bytes failed: Seule une partie d’une requête ReadProcessMemory ou WriteProcessMemory a été effectuée. (0x12B)
[0128/230627.993:ERROR:process_memory_win.cc(73)] ReadMemory at 0x236024de5e0 of 132 bytes failed: Seule une partie d’une requête ReadProcessMemory ou WriteProcessMemory a été effectuée. (0x12B)
[0128/230627.994:ERROR:process_memory_win.cc(73)] ReadMemory at 0x236024df000 of 66 bytes failed: Seule une partie d’une requête ReadProcessMemory ou WriteProcessMemory a été effectuée. (0x12B)
[0128/230627.994:ERROR:process_memory_win.cc(73)] ReadMemory at 0x236024df550 of 62 bytes failed: Seule une partie d’une requête ReadProcessMemory ou WriteProcessMemory a été effectuée. (0x12B)
[0128/230627.994:ERROR:process_memory_win.cc(73)] ReadMemory at 0x236024df730 of 64 bytes failed: Seule une partie d’une requête ReadProcessMemory ou WriteProcessMemory a été effectuée. (0x12B)
[0128/230627.994:ERROR:process_memory_win.cc(73)] ReadMemory at 0x236024df780 of 60 bytes failed: Seule une partie d’une requête ReadProcessMemory ou WriteProcessMemory a été effectuée. (0x12B)
[0128/230627.994:ERROR:process_memory_win.cc(73)] ReadMemory at 0x236024df7d0 of 60 bytes failed: Seule une partie d’une requête ReadProcessMemory ou WriteProcessMemory a été effectuée. (0x12B)
[0128/230627.994:ERROR:process_memory_win.cc(73)] ReadMemory at 0x236024dfa50 of 64 bytes failed: Seule une partie d’une requête ReadProcessMemory ou WriteProcessMemory a été effectuée. (0x12B)
[0128/230627.994:ERROR:process_memory_win.cc(73)] ReadMemory at 0x236024dfc30 of 62 bytes failed: Seule une partie d’une requête ReadProcessMemory ou WriteProcessMemory a été effectuée. (0x12B)
[0128/230627.994:ERROR:process_memory_win.cc(73)] ReadMemory at 0x236024f2ee0 of 512 bytes failed: Seule une partie d’une requête ReadProcessMemory ou WriteProcessMemory a été effectuée. (0x12B)
[0128/230627.994:ERROR:process_memory_win.cc(73)] ReadMemory at 0x236024f3e50 of 512 bytes failed: Seule une partie d’une requête ReadProcessMemory ou WriteProcessMemory a été effectuée. (0x12B)
[0128/230627.995:ERROR:process_memory_win.cc(73)] ReadMemory at 0x236029691b8 of 512 bytes failed: Seule une partie d’une requête ReadProcessMemory ou WriteProcessMemory a été effectuée. (0x12B)
[0128/230627.995:ERROR:process_memory_win.cc(73)] ReadMemory at 0x236029700d0 of 512 bytes failed: Seule une partie d’une requête ReadProcessMemory ou WriteProcessMemory a été effectuée. (0x12B)
[0128/230627.995:ERROR:process_memory_win.cc(73)] ReadMemory at 0x23602970550 of 512 bytes failed: Seule une partie d’une requête ReadProcessMemory ou WriteProcessMemory a été effectuée. (0x12B)
[0128/230628.144:ERROR:process_memory_win.cc(73)] ReadMemory at 0x23602984050 of 512 bytes failed: Seule une partie d’une requête ReadProcessMemory ou WriteProcessMemory a été effectuée. (0x12B)
[0128/230628.144:ERROR:process_memory_win.cc(73)] ReadMemory at 0x23602985230 of 512 bytes failed: Seule une partie d’une requête ReadProcessMemory ou WriteProcessMemory a été effectuée. (0x12B)
[0128/230628.144:ERROR:process_memory_win.cc(73)] ReadMemory at 0x236029bbbb0 of 712 bytes failed: Seule une partie d’une requête ReadProcessMemory ou WriteProcessMemory a été effectuée. (0x12B)
[0128/230628.144:ERROR:process_memory_win.cc(73)] ReadMemory at 0x236029e55b0 of 512 bytes failed: Seule une partie d’une requête ReadProcessMemory ou WriteProcessMemory a été effectuée. (0x12B)
[0128/230628.144:ERROR:process_memory_win.cc(73)] ReadMemory at 0x23604832488 of 512 bytes failed: Seule une partie d’une requête ReadProcessMemory ou WriteProcessMemory a été effectuée. (0x12B)
[0128/230628.145:ERROR:process_memory_win.cc(73)] ReadMemory at 0x23604832c68 of 512 bytes failed: Seule une partie d’une requête ReadProcessMemory ou WriteProcessMemory a été effectuée. (0x12B)
[0128/230628.145:ERROR:process_memory_win.cc(73)] ReadMemory at 0x23604833568 of 512 bytes failed: Seule une partie d’une requête ReadProcessMemory ou WriteProcessMemory a été effectuée. (0x12B)
[0128/230628.145:ERROR:process_memory_win.cc(73)] ReadMemory at 0x23604871750 of 512 bytes failed: Seule une partie d’une requête ReadProcessMemory ou WriteProcessMemory a été effectuée. (0x12B)
[0128/230628.145:ERROR:process_memory_win.cc(73)] ReadMemory at 0x23604881210 of 512 bytes failed: Seule une partie d’une requête ReadProcessMemory ou WriteProcessMemory a été effectuée. (0x12B)
[0128/230628.145:ERROR:process_memory_win.cc(73)] ReadMemory at 0x2360489e730 of 512 bytes failed: Seule une partie d’une requête ReadProcessMemory ou WriteProcessMemory a été effectuée. (0x12B)
[0128/230628.145:ERROR:process_memory_win.cc(73)] ReadMemory at 0x236049ba730 of 512 bytes failed: Seule une partie d’une requête ReadProcessMemory ou WriteProcessMemory a été effectuée. (0x12B)
[0128/230628.295:ERROR:process_memory_win.cc(73)] ReadMemory at 0xacbba5eb700 of 512 bytes failed: Seule une partie d’une requête ReadProcessMemory ou WriteProcessMemory a été effectuée. (0x12B)
[0128/230628.295:ERROR:process_memory_win.cc(73)] ReadMemory at 0x57646d7ea530 of 592 bytes failed: Seule une partie d’une requête ReadProcessMemory ou WriteProcessMemory a été effectuée. (0x12B)
[0128/230628.295:ERROR:process_memory_win.cc(73)] ReadMemory at 0x6d43dc777e00 of 512 bytes failed: Seule une partie d’une requête ReadProcessMemory ou WriteProcessMemory a été effectuée. (0x12B)
[0128/230628.295:ERROR:process_memory_win.cc(73)] ReadMemory at 0x7ff8b3e0811d of 512 bytes failed: Seule une partie d’une requête ReadProcessMemory ou WriteProcessMemory a été effectuée. (0x12B)
[0128/230628.295:ERROR:process_memory_win.cc(73)] ReadMemory at 0x7ff8b4a8f0ec of 512 bytes failed: Seule une partie d’une requête ReadProcessMemory ou WriteProcessMemory a été effectuée. (0x12B)
[0128/230628.296:ERROR:process_memory_win.cc(73)] ReadMemory at 0x7ff8b744c6dc of 512 bytes failed: Seule une partie d’une requête ReadProcessMemory ou WriteProcessMemory a été effectuée. (0x12B)
[0128/230628.296:ERROR:process_memory_win.cc(73)] ReadMemory at 0x7ff8b745ec4a of 512 bytes failed: Seule une partie d’une requête ReadProcessMemory ou WriteProcessMemory a été effectuée. (0x12B)
[0128/230628.296:ERROR:process_memory_win.cc(73)] ReadMemory at 0x7ff8d77c0000 of 384 bytes failed: Seule une partie d’une requête ReadProcessMemory ou WriteProcessMemory a été effectuée. (0x12B)
[0128/230628.296:ERROR:process_memory_win.cc(73)] ReadMemory at 0x7ff8d783adb8 of 512 bytes failed: Seule une partie d’une requête ReadProcessMemory ou WriteProcessMemory a été effectuée. (0x12B)
[0128/230628.296:ERROR:process_memory_win.cc(73)] ReadMemory at 0x7ff8d7850738 of 512 bytes failed: Seule une partie d’une requête ReadProcessMemory ou WriteProcessMemory a été effectuée. (0x12B)
[0128/230628.296:ERROR:process_memory_win.cc(73)] ReadMemory at 0x7ff8fa19a308 of 512 bytes failed: Seule une partie d’une requête ReadProcessMemory ou WriteProcessMemory a été effectuée. (0x12B)
[0128/230628.296:ERROR:process_memory_win.cc(73)] ReadMemory at 0x7ff8fdb379f0 of 512 bytes failed: Seule une partie d’une requête ReadProcessMemory ou WriteProcessMemory a été effectuée. (0x12B)
[0128/230628.296:ERROR:process_memory_win.cc(73)] ReadMemory at 0x7ff8fdb382e0 of 512 bytes failed: Seule une partie d’une requête ReadProcessMemory ou WriteProcessMemory a été effectuée. (0x12B)
[0128/230628.303:ERROR:process_memory_win.cc(73)] ReadMemory at 0x7ff8fdb3a0d0 of 512 bytes failed: Seule une partie d’une requête ReadProcessMemory ou WriteProcessMemory a été effectuée. (0x12B)
[0128/230628.304:ERROR:process_memory_win.cc(73)] ReadMemory at 0x7ff8fdb9b420 of 512 bytes failed: Seule une partie d’une requête ReadProcessMemory ou WriteProcessMemory a été effectuée. (0x12B)
[0128/230628.304:ERROR:process_memory_win.cc(73)] ReadMemory at 0x7ff8fdbaa9a4 of 672 bytes failed: Seule une partie d’une requête ReadProcessMemory ou WriteProcessMemory a été effectuée. (0x12B)
[0128/230628.304:ERROR:process_memory_win.cc(73)] ReadMemory at 0x7ff8fdbaafa4 of 512 bytes failed: Seule une partie d’une requête ReadProcessMemory ou WriteProcessMemory a été effectuée. (0x12B)
[0128/230628.304:ERROR:process_memory_win.cc(73)] ReadMemory at 0x7ff8fdbae214 of 608 bytes failed: Seule une partie d’une requête ReadProcessMemory ou WriteProcessMemory a été effectuée. (0x12B)
[0128/230628.304:ERROR:process_memory_win.cc(73)] ReadMemory at 0x7ff8fdc29380 of 512 bytes failed: Seule une partie d’une requête ReadProcessMemory ou WriteProcessMemory a été effectuée. (0x12B)
[0128/230628.325:ERROR:process_memory_win.cc(73)] ReadMemory at 0x7ff8fdc301e0 of 18 bytes failed: Seule une partie d’une requête ReadProcessMemory ou WriteProcessMemory a été effectuée. (0x12B)
[0128/230628.325:ERROR:process_memory_win.cc(73)] ReadMemory at 0x7ff8fdc665b0 of 40 bytes failed: Seule une partie d’une requête ReadProcessMemory ou WriteProcessMemory a été effectuée. (0x12B)
[0128/230628.325:ERROR:process_memory_win.cc(73)] ReadMemory at 0x7ff8fdc66a08 of 48 bytes failed: Seule une partie d’une requête ReadProcessMemory ou WriteProcessMemory a été effectuée. (0x12B)
[0128/230628.345:ERROR:process_memory_win.cc(73)] ReadMemory at 0x7ff8fdc6c360 of 64 bytes failed: Seule une partie d’une requête ReadProcessMemory ou WriteProcessMemory a été effectuée. (0x12B)
[0128/230628.608:ERROR:scoped_process_suspend.cc(40)] NtResumeProcess: Tentative d’accès à un processus en cours d’arrêt. (0xc000010a)
[0208/161929.439:ERROR:settings.cc(320)] Settings magic is not 1129342067
